Release 14.7 - xst P.20131013 (lin64)
Copyright (c) 1995-2013 Xilinx, Inc.  All rights reserved.
--> 
Parameter TMPDIR set to xst/projnav.tmp


Total REAL time to Xst completion: 0.00 secs
Total CPU time to Xst completion: 0.00 secs
 
--> 
Parameter xsthdpdir set to xst


Total REAL time to Xst completion: 0.00 secs
Total CPU time to Xst completion: 0.00 secs
 
--> 
Reading design: counter.prj

TABLE OF CONTENTS
  1) Synthesis Options Summary
  2) HDL Compilation
  3) Design Hierarchy Analysis
  4) HDL Analysis
  5) HDL Synthesis
     5.1) HDL Synthesis Report
  6) Advanced HDL Synthesis
     6.1) Advanced HDL Synthesis Report
  7) Low Level Synthesis
  8) Partition Report
  9) Final Report
	9.1) Device utilization summary
	9.2) Partition Resource Summary
	9.3) TIMING REPORT


=========================================================================
*                      Synthesis Options Summary                        *
=========================================================================
---- Source Parameters
Input File Name                    : "counter.prj"
Input Format                       : mixed
Ignore Synthesis Constraint File   : NO

---- Target Parameters
Output File Name                   : "counter"
Output Format                      : NGC
Target Device                      : xc3s250e-4-cp132

---- Source Options
Top Module Name                    : counter
Automatic FSM Extraction           : YES
FSM Encoding Algorithm             : Auto
Safe Implementation                : No
FSM Style                          : LUT
RAM Extraction                     : Yes
RAM Style                          : Auto
ROM Extraction                     : Yes
Mux Style                          : Auto
Decoder Extraction                 : YES
Priority Encoder Extraction        : Yes
Shift Register Extraction          : YES
Logical Shifter Extraction         : YES
XOR Collapsing                     : YES
ROM Style                          : Auto
Mux Extraction                     : Yes
Resource Sharing                   : YES
Asynchronous To Synchronous        : NO
Multiplier Style                   : Auto
Automatic Register Balancing       : No

---- Target Options
Add IO Buffers                     : YES
Global Maximum Fanout              : 100000
Add Generic Clock Buffer(BUFG)     : 24
Register Duplication               : YES
Slice Packing                      : YES
Optimize Instantiated Primitives   : NO
Use Clock Enable                   : Yes
Use Synchronous Set                : Yes
Use Synchronous Reset              : Yes
Pack IO Registers into IOBs        : Auto
Equivalent register Removal        : YES

---- General Options
Optimization Goal                  : Speed
Optimization Effort                : 1
Keep Hierarchy                     : No
Netlist Hierarchy                  : As_Optimized
RTL Output                         : Yes
Global Optimization                : AllClockNets
Read Cores                         : YES
Write Timing Constraints           : NO
Cross Clock Analysis               : NO
Hierarchy Separator                : /
Bus Delimiter                      : <>
Case Specifier                     : Maintain
Slice Utilization Ratio            : 100
BRAM Utilization Ratio             : 100
Verilog 2001                       : YES
Auto BRAM Packing                  : NO
Slice Utilization Ratio Delta      : 5

=========================================================================


=========================================================================
*                          HDL Compilation                              *
=========================================================================
Compiling verilog file "../display_seven_segment.v" in library work
Compiling verilog file "../counter.v" in library work
Module <display_seven_segment> compiled
Module <counter> compiled
No errors in compilation
Analysis of file <"counter.prj"> succeeded.
 

=========================================================================
*                     Design Hierarchy Analysis                         *
=========================================================================
Analyzing hierarchy for module <counter> in library <work> with parameters.
	max_count = "00000101111101011110000011111111"

Analyzing hierarchy for module <display_seven_segment> in library <work> with parameters.
	eight = "0000000"
	five = "0010010"
	four = "0011001"
	nine = "0010000"
	one = "1111001"
	seven = "1111000"
	six = "0000010"
	three = "0110000"
	two = "0100100"
	zero = "1000000"


=========================================================================
*                            HDL Analysis                               *
=========================================================================
Analyzing top module <counter>.
	max_count = 32'sb00000101111101011110000011111111
Module <counter> is correct for synthesis.
 
Analyzing module <display_seven_segment> in library <work>.
	eight = 7'b0000000
	five = 7'b0010010
	four = 7'b0011001
	nine = 7'b0010000
	one = 7'b1111001
	seven = 7'b1111000
	six = 7'b0000010
	three = 7'b0110000
	two = 7'b0100100
	zero = 7'b1000000
Module <display_seven_segment> is correct for synthesis.
 

=========================================================================
*                           HDL Synthesis                               *
=========================================================================

Performing bidirectional port resolution...

Synthesizing Unit <display_seven_segment>.
    Related source file is "../display_seven_segment.v".
    Found 16x7-bit ROM for signal <seven_seg>.
    Summary:
	inferred   1 ROM(s).
Unit <display_seven_segment> synthesized.


Synthesizing Unit <counter>.
    Related source file is "../counter.v".
    Found 4-bit up counter for signal <counter_10>.
    Found 27-bit up counter for signal <counter_100M>.
    Summary:
	inferred   2 Counter(s).
Unit <counter> synthesized.


=========================================================================
HDL Synthesis Report

Macro Statistics
# ROMs                                                 : 1
 16x7-bit ROM                                          : 1
# Counters                                             : 2
 27-bit up counter                                     : 1
 4-bit up counter                                      : 1

=========================================================================

=========================================================================
*                       Advanced HDL Synthesis                          *
=========================================================================


=========================================================================
Advanced HDL Synthesis Report

Macro Statistics
# ROMs                                                 : 1
 16x7-bit ROM                                          : 1
# Counters                                             : 2
 27-bit up counter                                     : 1
 4-bit up counter                                      : 1

=========================================================================

=========================================================================
*                         Low Level Synthesis                           *
=========================================================================

Optimizing unit <counter> ...

Mapping all equations...
Building and optimizing final netlist ...
Found area constraint ratio of 100 (+ 5) on block counter, actual ratio is 1.

Final Macro Processing ...

=========================================================================
Final Register Report

Macro Statistics
# Registers                                            : 31
 Flip-Flops                                            : 31

=========================================================================

=========================================================================
*                           Partition Report                            *
=========================================================================

Partition Implementation Status
-------------------------------

  No Partitions were found in this design.

-------------------------------

=========================================================================
*                            Final Report                               *
=========================================================================
Final Results
RTL Top Level Output File Name     : counter.ngr
Top Level Output File Name         : counter
Output Format                      : NGC
Optimization Goal                  : Speed
Keep Hierarchy                     : No

Design Statistics
# IOs                              : 14

Cell Usage :
# BELS                             : 116
#      GND                         : 1
#      INV                         : 2
#      LUT1                        : 26
#      LUT2                        : 2
#      LUT2_L                      : 1
#      LUT3                        : 2
#      LUT3_L                      : 1
#      LUT4                        : 22
#      MUXCY                       : 31
#      VCC                         : 1
#      XORCY                       : 27
# FlipFlops/Latches                : 31
#      FDR                         : 27
#      FDRE                        : 4
# Clock Buffers                    : 1
#      BUFGP                       : 1
# IO Buffers                       : 13
#      IBUF                        : 1
#      OBUF                        : 12
=========================================================================

Device utilization summary:
---------------------------

Selected Device : 3s250ecp132-4 

 Number of Slices:                       30  out of   2448     1%  
 Number of Slice Flip Flops:             31  out of   4896     0%  
 Number of 4 input LUTs:                 56  out of   4896     1%  
 Number of IOs:                          14
 Number of bonded IOBs:                  14  out of     92    15%  
 Number of GCLKs:                         1  out of     24     4%  

---------------------------
Partition Resource Summary:
---------------------------

  No Partitions were found in this design.

---------------------------


=========================================================================
TIMING REPORT

NOTE: THESE TIMING NUMBERS ARE ONLY A SYNTHESIS ESTIMATE.
      FOR ACCURATE TIMING INFORMATION PLEASE REFER TO THE TRACE REPORT
      GENERATED AFTER PLACE-and-ROUTE.

Clock Information:
------------------
-----------------------------------+------------------------+-------+
Clock Signal                       | Clock buffer(FF name)  | Load  |
-----------------------------------+------------------------+-------+
clk                                | BUFGP                  | 31    |
-----------------------------------+------------------------+-------+

Asynchronous Control Signals Information:
----------------------------------------
No asynchronous control signals found in this design

Timing Summary:
---------------
Speed Grade: -4

   Minimum period: 6.753ns (Maximum Frequency: 148.082MHz)
   Minimum input arrival time before clock: 4.716ns
   Maximum output required time after clock: 6.123ns
   Maximum combinational path delay: No path found

Timing Detail:
--------------
All values displayed in nanoseconds (ns)

=========================================================================
Timing constraint: Default period analysis for Clock 'clk'
  Clock period: 6.753ns (frequency: 148.082MHz)
  Total number of paths / destination ports: 1349 / 66
-------------------------------------------------------------------------
Delay:               6.753ns (Levels of Logic = 4)
  Source:            counter_100M_25 (FF)
  Destination:       counter_10_0 (FF)
  Source Clock:      clk rising
  Destination Clock: clk rising

  Data Path: counter_100M_25 to counter_10_0
                                Gate     Net
    Cell:in->out      fanout   Delay   Delay  Logical Name (Net Name)
    ----------------------------------------  ------------
     FDR:C->Q              2   0.591   0.622  counter_100M_25 (counter_100M_25)
     LUT4:I0->O            2   0.704   0.526  counter_100M_or00001121 (counter_100M_or0000112)
     LUT4:I1->O            1   0.704   0.000  counter_en_wg_lut<4> (counter_en_wg_lut<4>)
     MUXCY:S->O            5   0.736   0.668  counter_en_wg_cy<4> (counter_en)
     LUT3:I2->O            4   0.704   0.587  counter_10_or00001 (counter_10_or0000)
     FDRE:R                    0.911          counter_10_0
    ----------------------------------------
    Total                      6.753ns (4.350ns logic, 2.403ns route)
                                       (64.4% logic, 35.6% route)

=========================================================================
Timing constraint: Default OFFSET IN BEFORE for Clock 'clk'
  Total number of paths / destination ports: 31 / 31
-------------------------------------------------------------------------
Offset:              4.716ns (Levels of Logic = 2)
  Source:            reset (PAD)
  Destination:       counter_100M_0 (FF)
  Destination Clock: clk rising

  Data Path: reset to counter_100M_0
                                Gate     Net
    Cell:in->out      fanout   Delay   Delay  Logical Name (Net Name)
    ----------------------------------------  ------------
     IBUF:I->O             2   1.218   0.622  reset_IBUF (reset_IBUF)
     LUT4:I0->O           27   0.704   1.261  counter_100M_or000064 (counter_100M_or0000)
     FDR:R                     0.911          counter_100M_0
    ----------------------------------------
    Total                      4.716ns (2.833ns logic, 1.883ns route)
                                       (60.1% logic, 39.9% route)

=========================================================================
Timing constraint: Default OFFSET OUT AFTER for Clock 'clk'
  Total number of paths / destination ports: 32 / 8
-------------------------------------------------------------------------
Offset:              6.123ns (Levels of Logic = 2)
  Source:            counter_10_0 (FF)
  Destination:       seg<2> (PAD)
  Source Clock:      clk rising

  Data Path: counter_10_0 to seg<2>
                                Gate     Net
    Cell:in->out      fanout   Delay   Delay  Logical Name (Net Name)
    ----------------------------------------  ------------
     FDRE:C->Q            12   0.591   1.136  counter_10_0 (counter_10_0)
     LUT4:I0->O            1   0.704   0.420  seg<1>1 (seg_1_OBUF)
     OBUF:I->O                 3.272          seg_1_OBUF (seg<1>)
    ----------------------------------------
    Total                      6.123ns (4.567ns logic, 1.556ns route)
                                       (74.6% logic, 25.4% route)

=========================================================================


Total REAL time to Xst completion: 8.00 secs
Total CPU time to Xst completion: 1.21 secs
 
--> 


Total memory usage is 510720 kilobytes

Number of errors   :    0 (   0 filtered)
Number of warnings :    0 (   0 filtered)
Number of infos    :    0 (   0 filtered)

